<?xml version="1.0" encoding="UTF-8"?>
  <testsuite tests="2" failures="0" time="1934.21679063">
      <testcase name="MySQL Test General Without PVC should run successfully" classname="e2e Suite" time="0">
          <skipped></skipped>
      </testcase>
      <testcase name="MySQL Test General With PVC should run successfully" classname="e2e Suite" time="0">
          <skipped></skipped>
      </testcase>
      <testcase name="MySQL Test DoNotPause should work successfully" classname="e2e Suite" time="0">
          <skipped></skipped>
      </testcase>
      <testcase name="MySQL Test Snapshot In Local should take Snapshot successfully" classname="e2e Suite" time="0">
          <skipped></skipped>
      </testcase>
      <testcase name="MySQL Test Snapshot In Local Without PVC should run successfully" classname="e2e Suite" time="0">
          <skipped></skipped>
      </testcase>
      <testcase name="MySQL Test Snapshot In S3 should take Snapshot successfully" classname="e2e Suite" time="0">
          <skipped></skipped>
      </testcase>
      <testcase name="MySQL Test Snapshot In GCS Without Init should take Snapshot successfully" classname="e2e Suite" time="0">
          <skipped></skipped>
      </testcase>
      <testcase name="MySQL Test Snapshot In GCS With Init should take Snapshot successfully" classname="e2e Suite" time="0">
          <skipped></skipped>
      </testcase>
      <testcase name="MySQL Test Snapshot In GCS Delete One Snapshot keeping others Delete One Snapshot keeping others" classname="e2e Suite" time="0">
          <skipped></skipped>
      </testcase>
      <testcase name="MySQL Test Snapshot In Azure should take Snapshot successfully" classname="e2e Suite" time="0">
          <skipped></skipped>
      </testcase>
      <testcase name="MySQL Test Snapshot In Swift should take Snapshot successfully" classname="e2e Suite" time="0">
          <skipped></skipped>
      </testcase>
      <testcase name="MySQL Test Initialize With Script should run successfully" classname="e2e Suite" time="0">
          <skipped></skipped>
      </testcase>
      <testcase name="MySQL Test Initialize With Snapshot should run successfully" classname="e2e Suite" time="0">
          <skipped></skipped>
      </testcase>
      <testcase name="MySQL Test Resume Super Fast User - Create-Delete-Create-Delete-Create  should resume DormantDatabase successfully" classname="e2e Suite" time="0">
          <skipped></skipped>
      </testcase>
      <testcase name="MySQL Test Resume Without Init should resume DormantDatabase successfully" classname="e2e Suite" time="0">
          <skipped></skipped>
      </testcase>
      <testcase name="MySQL Test Resume with init Script should resume DormantDatabase successfully" classname="e2e Suite" time="0">
          <skipped></skipped>
      </testcase>
      <testcase name="MySQL Test Resume With Snapshot Init should resume successfully" classname="e2e Suite" time="1183.610412106"></testcase>
      <testcase name="MySQL Test Resume Multiple times with init should resume DormantDatabase successfully" classname="e2e Suite" time="0">
          <skipped></skipped>
      </testcase>
      <testcase name="MySQL Test SnapshotScheduler With Startup with local should run schedular successfully" classname="e2e Suite" time="0">
          <skipped></skipped>
      </testcase>
      <testcase name="MySQL Test SnapshotScheduler With Startup with GCS and PVC should run schedular successfully" classname="e2e Suite" time="0">
          <skipped></skipped>
      </testcase>
      <testcase name="MySQL Test SnapshotScheduler With Update - with Local should run schedular successfully" classname="e2e Suite" time="0">
          <skipped></skipped>
      </testcase>
      <testcase name="MySQL Test SnapshotScheduler Re-Use DormantDatabase&#39;s scheduler should re-use scheduler successfully" classname="e2e Suite" time="734.346144759"></testcase>
  </testsuite>