<?xml version="1.0" encoding="UTF-8"?>
  <testsuite tests="1" failures="0" time="22.605374536"></testsuite>