<?xml version="1.0" encoding="UTF-8"?>
  <testsuite tests="22" failures="22" time="127.943846353">
      <testcase name="BeforeSuite" classname="e2e Suite" time="126.437841935">
          <failure type="Failure">/home/maruf/go/src/github.com/kubedb/mysql/test/e2e/e2e_suite_test.go:61&#xA;Timed out after 120.000s.&#xA;Expected success, but got an error:&#xA;    &lt;*errors.StatusError | 0xc4201fb680&gt;: {&#xA;        ErrStatus: {&#xA;            TypeMeta: {Kind: &#34;&#34;, APIVersion: &#34;&#34;},&#xA;            ListMeta: {SelfLink: &#34;&#34;, ResourceVersion: &#34;&#34;, Continue: &#34;&#34;},&#xA;            Status: &#34;Failure&#34;,&#xA;            Message: &#34;apiservices.apiregistration.k8s.io \&#34;v1alpha1.admission.kubedb.com\&#34; not found&#34;,&#xA;            Reason: &#34;NotFound&#34;,&#xA;            Details: {&#xA;                Name: &#34;v1alpha1.admission.kubedb.com&#34;,&#xA;                Group: &#34;apiregistration.k8s.io&#34;,&#xA;                Kind: &#34;apiservices&#34;,&#xA;                UID: &#34;&#34;,&#xA;                Causes: nil,&#xA;                RetryAfterSeconds: 0,&#xA;            },&#xA;            Code: 404,&#xA;        },&#xA;    }&#xA;    apiservices.apiregistration.k8s.io &#34;v1alpha1.admission.kubedb.com&#34; not found&#xA;/home/maruf/go/src/github.com/kubedb/mysql/test/e2e/e2e_suite_test.go:94</failure>
      </testcase>
  </testsuite>