<?xml version="1.0" encoding="UTF-8"?>
  <testsuite tests="1" failures="0" time="164.982306909">
      <testcase name="MySQL Test General - should run successfully" classname="e2e Suite" time="0">
          <skipped></skipped>
      </testcase>
      <testcase name="MySQL Test General With PVC should run successfully" classname="e2e Suite" time="0">
          <skipped></skipped>
      </testcase>
      <testcase name="MySQL Test DoNotPause should work successfully" classname="e2e Suite" time="0">
          <skipped></skipped>
      </testcase>
      <testcase name="MySQL Test Snapshot In Local should take Snapshot successfully" classname="e2e Suite" time="0">
          <skipped></skipped>
      </testcase>
      <testcase name="MySQL Test Snapshot In Local With PVC should run successfully" classname="e2e Suite" time="0">
          <skipped></skipped>
      </testcase>
      <testcase name="MySQL Test Snapshot In S3 should take Snapshot successfully" classname="e2e Suite" time="0">
          <skipped></skipped>
      </testcase>
      <testcase name="MySQL Test Snapshot In GCS should take Snapshot successfully" classname="e2e Suite" time="0">
          <skipped></skipped>
      </testcase>
      <testcase name="MySQL Test Snapshot In Azure should take Snapshot successfully" classname="e2e Suite" time="0">
          <skipped></skipped>
      </testcase>
      <testcase name="MySQL Test Snapshot In Swift should take Snapshot successfully" classname="e2e Suite" time="0">
          <skipped></skipped>
      </testcase>
      <testcase name="MySQL Test Initialize With Script should run successfully" classname="e2e Suite" time="0">
          <skipped></skipped>
      </testcase>
      <testcase name="MySQL Test Initialize With Snapshot with GCS should run successfully" classname="e2e Suite" time="160.892638717"></testcase>
      <testcase name="MySQL Test Resume Without Init should resume DormantDatabase successfully" classname="e2e Suite" time="0">
          <skipped></skipped>
      </testcase>
      <testcase name="MySQL Test Resume With Init should resume DormantDatabase successfully" classname="e2e Suite" time="0">
          <skipped></skipped>
      </testcase>
      <testcase name="MySQL Test Resume With original MySQL should resume DormantDatabase successfully" classname="e2e Suite" time="0">
          <skipped></skipped>
      </testcase>
      <testcase name="MySQL Test Resume With original MySQL Multiple times with init should resume DormantDatabase successfully" classname="e2e Suite" time="0">
          <skipped></skipped>
      </testcase>
      <testcase name="MySQL Test SnapshotScheduler With Startup with local should run schedular successfully" classname="e2e Suite" time="0">
          <skipped></skipped>
      </testcase>
      <testcase name="MySQL Test SnapshotScheduler With Startup with GCS and PVC should run schedular successfully" classname="e2e Suite" time="0">
          <skipped></skipped>
      </testcase>
      <testcase name="MySQL Test SnapshotScheduler With Update should run schedular successfully" classname="e2e Suite" time="0">
          <skipped></skipped>
      </testcase>
  </testsuite>