<?xml version="1.0" encoding="UTF-8"?>
  <testsuite tests="15" failures="15" time="312.690411407"></testsuite>