<?xml version="1.0" encoding="UTF-8"?>
  <testsuite tests="1" failures="0" time="433.602016595"></testsuite>