<?xml version="1.0" encoding="UTF-8"?>
  <testsuite tests="1" failures="0" time="484.999496415">
      <testcase name="MySQL Test General Without PVC should run successfully" classname="e2e Suite" time="0">
          <skipped></skipped>
      </testcase>
  </testsuite>